Using pre-set license
Built from '2020.3/staging' branch; Version is '2020.3.19f1 (68f137dc9bbe) revision 6877495'; Using compiler version '192528614'; Build Type 'Release'
OS: 'Windows 10 Pro; OS build 19043.1237; Version 2009; 64bit' Language: 'es' Physical Memory: 16342 MB
BatchMode: 1, IsHumanControllingUs: 0, StartBugReporterOnCrash: 0, Is64bit: 1, IsPro: 0

COMMAND LINE ARGUMENTS:
C:\Program Files\Unity\Hub\Editor\2020.3.19f1\Editor\Unity.exe
-adb2
-batchMode
-noUpm
-name
AssetImportWorker0
-projectPath
D:/Francisco_Damian_Ibanez/entregable1-francisco-ibanez/entregable1-francisco-ibanez
-logFile
Logs/AssetImportWorker0.log
-srvPort
58997
Successfully changed project path to: D:/Francisco_Damian_Ibanez/entregable1-francisco-ibanez/entregable1-francisco-ibanez
D:/Francisco_Damian_Ibanez/entregable1-francisco-ibanez/entregable1-francisco-ibanez
Using Asset Import Pipeline V2.
Refreshing native plugins compatible for Editor in 29.29 ms, found 2 plugins.
Preloading 0 native plugins for Editor in 0.00 ms.
Initialize engine version: 2020.3.19f1 (68f137dc9bbe)
[Subsystems] Discovering subsystems at path C:/Program Files/Unity/Hub/Editor/2020.3.19f1/Editor/Data/Resources/UnitySubsystems
[Subsystems] Discovering subsystems at path D:/Francisco_Damian_Ibanez/entregable1-francisco-ibanez/entregable1-francisco-ibanez/Assets
GfxDevice: creating device client; threaded=0
Direct3D:
    Version:  Direct3D 11.0 [level 11.1]
    Renderer: NVIDIA GeForce GTX 1050 Ti (ID=0x1c82)
    Vendor:   
    VRAM:     4018 MB
    Driver:   27.21.14.5671
Initialize mono
Mono path[0] = 'C:/Program Files/Unity/Hub/Editor/2020.3.19f1/Editor/Data/Managed'
Mono path[1] = 'C:/Program Files/Unity/Hub/Editor/2020.3.19f1/Editor/Data/MonoBleedingEdge/lib/mono/unityjit'
Mono config path = 'C:/Program Files/Unity/Hub/Editor/2020.3.19f1/Editor/Data/MonoBleedingEdge/etc'
Using monoOptions --debugger-agent=transport=dt_socket,embedding=1,server=y,suspend=n,address=127.0.0.1:56936
Begin MonoManager ReloadAssembly
Registering precompiled unity dll's ...
Register platform support module: C:/Program Files/Unity/Hub/Editor/2020.3.19f1/Editor/Data/PlaybackEngines/WindowsStandaloneSupport/UnityEditor.WindowsStandalone.Extensions.dll
Registered in 0.001887 seconds.
Native extension for WindowsStandalone target not found
Refreshing native plugins compatible for Editor in 27.40 ms, found 2 plugins.
Preloading 0 native plugins for Editor in 0.00 ms.
Mono: successfully reloaded assembly
- Completed reload, in  1.055 seconds
Domain Reload Profiling:
	ReloadAssembly (1055ms)
		BeginReloadAssembly (58ms)
			ExecutionOrderSort (0ms)
			DisableScriptedObjects (0ms)
			BackupInstance (0ms)
			ReleaseScriptingObjects (0ms)
			CreateAndSetChildDomain (1ms)
		EndReloadAssembly (413ms)
			LoadAssemblies (55ms)
			RebuildTransferFunctionScriptingTraits (0ms)
			SetupTypeCache (157ms)
			ReleaseScriptCaches (0ms)
			RebuildScriptCaches (33ms)
			SetupLoadedEditorAssemblies (152ms)
				LogAssemblyErrors (0ms)
				InitializePlatformSupportModulesInManaged (4ms)
				SetLoadedEditorAssemblies (0ms)
				RefreshPlugins (27ms)
				BeforeProcessingInitializeOnLoad (8ms)
				ProcessInitializeOnLoadAttributes (81ms)
				ProcessInitializeOnLoadMethodAttributes (30ms)
				AfterProcessingInitializeOnLoad (0ms)
				EditorAssembliesLoaded (0ms)
			ExecutionOrderSort2 (0ms)
			AwakeInstancesAfterBackupRestoration (0ms)
Platform modules already initialized, skipping
Registering precompiled user dll's ...
Registered in 0.001724 seconds.
Begin MonoManager ReloadAssembly
Native extension for WindowsStandalone target not found
Refreshing native plugins compatible for Editor in 0.29 ms, found 2 plugins.
Preloading 0 native plugins for Editor in 0.00 ms.
Mono: successfully reloaded assembly
- Completed reload, in  0.992 seconds
Domain Reload Profiling:
	ReloadAssembly (993ms)
		BeginReloadAssembly (147ms)
			ExecutionOrderSort (0ms)
			DisableScriptedObjects (4ms)
			BackupInstance (0ms)
			ReleaseScriptingObjects (0ms)
			CreateAndSetChildDomain (18ms)
		EndReloadAssembly (785ms)
			LoadAssemblies (80ms)
			RebuildTransferFunctionScriptingTraits (0ms)
			SetupTypeCache (266ms)
			ReleaseScriptCaches (0ms)
			RebuildScriptCaches (40ms)
			SetupLoadedEditorAssemblies (302ms)
				LogAssemblyErrors (0ms)
				InitializePlatformSupportModulesInManaged (5ms)
				SetLoadedEditorAssemblies (0ms)
				RefreshPlugins (0ms)
				BeforeProcessingInitializeOnLoad (51ms)
				ProcessInitializeOnLoadAttributes (233ms)
				ProcessInitializeOnLoadMethodAttributes (5ms)
				AfterProcessingInitializeOnLoad (7ms)
				EditorAssembliesLoaded (0ms)
			ExecutionOrderSort2 (0ms)
			AwakeInstancesAfterBackupRestoration (7ms)
Platform modules already initialized, skipping
========================================================================
Worker process is ready to serve import requests
Launched and connected shader compiler UnityShaderCompiler.exe after 0.04 seconds
Refreshing native plugins compatible for Editor in 0.29 ms, found 2 plugins.
Preloading 0 native plugins for Editor in 0.00 ms.
Unloading 1397 Unused Serialized files (Serialized files now loaded: 0)
System memory in use before: 65.3 MB.
System memory in use after: 65.4 MB.

Unloading 16 unused Assets to reduce memory usage. Loaded Objects now: 1832.
Total: 3.048000 ms (FindLiveObjects: 0.209700 ms CreateObjectMapping: 0.054300 ms MarkObjects: 2.686500 ms  DeleteObjects: 0.096700 ms)

AssetImportParameters requested are different than current active one (requested -> active):
  custom:framework-win-MediaFoundation: 216162199b28c13a410421893ffa2e32 -> 
  custom:video-decoder-ogg-theora: a1e56fd34408186e4bbccfd4996cb3dc -> 
  custom:container-muxer-webm: aa71ff27fc2769a1b78a27578f13a17b -> 
  custom:container-demuxer-webm: 4f35f7cbe854078d1ac9338744f61a02 -> 
  custom:container-demuxer-ogg: 62fdf1f143b41e24485cea50d1cbac27 -> 
  custom:video-encoder-webm-vp8: eb34c28f22e8b96e1ab97ce403110664 -> 
  custom:video-decoder-webm-vp8: 9c59270c3fd7afecdb556c50c9e8de78 -> 
  custom:audio-decoder-ogg-vorbis: bf7c407c2cedff20999df2af8eb42d56 -> 
  custom:audio-encoder-webm-vorbis: bf7c407c2cedff20999df2af8eb42d56 -> 
========================================================================
Received Import Request.
  path: Assets/Scenes
  artifactKey: Guid(8ce6b7942c1bd464c8158637de358b7a) Importer(815301076,1909f56bfc062723c751e8b465ee728b)
Start importing Assets/Scenes using Guid(8ce6b7942c1bd464c8158637de358b7a) Importer(815301076,1909f56bfc062723c751e8b465ee728b)  -> (artifact id: '8c6e2414dc265af834b71c99029d64c6') in 0.003079 seconds 
  Import took 0.005139 seconds .

========================================================================
Received Import Request.
  Time since last request: 0.000257 seconds.
  path: Assets/Scenes/SampleScene.unity
  artifactKey: Guid(9fc0d4010bbf28b4594072e72b8655ab) Importer(815301076,1909f56bfc062723c751e8b465ee728b)
Start importing Assets/Scenes/SampleScene.unity using Guid(9fc0d4010bbf28b4594072e72b8655ab) Importer(815301076,1909f56bfc062723c751e8b465ee728b)  -> (artifact id: '85059f4f9e1a832ed95adaa0d25c5c4c') in 0.009226 seconds 
  Import took 0.011359 seconds .

========================================================================
Received Import Request.
  Time since last request: 5.756636 seconds.
  path: Assets/Scenes/Entregable_1.unity
  artifactKey: Guid(9fc0d4010bbf28b4594072e72b8655ab) Importer(815301076,1909f56bfc062723c751e8b465ee728b)
Start importing Assets/Scenes/Entregable_1.unity using Guid(9fc0d4010bbf28b4594072e72b8655ab) Importer(815301076,1909f56bfc062723c751e8b465ee728b)  -> (artifact id: 'fb432f86efaad9b0d2db86e1e3316fb4') in 0.001489 seconds 
  Import took 0.005445 seconds .

========================================================================
Received Import Request.
  Time since last request: 332.495586 seconds.
  path: Assets
  artifactKey: Guid(00000000000000001000000000000000) Importer(815301076,1909f56bfc062723c751e8b465ee728b)
Start importing Assets using Guid(00000000000000001000000000000000) Importer(815301076,1909f56bfc062723c751e8b465ee728b)  -> (artifact id: '42d402b061de3733987d63b9cc3b64de') in 0.001197 seconds 
  Import took 0.003724 seconds .

========================================================================
Received Import Request.
  Time since last request: 7.229781 seconds.
  path: Assets/Prefabs
  artifactKey: Guid(fab67918af034de4894146b3075de29e) Importer(815301076,1909f56bfc062723c751e8b465ee728b)
Start importing Assets/Prefabs using Guid(fab67918af034de4894146b3075de29e) Importer(815301076,1909f56bfc062723c751e8b465ee728b)  -> (artifact id: '436f6f5fe6399a2e1b9d03bca26d2bb9') in 0.003061 seconds 
  Import took 0.006421 seconds .

========================================================================
Received Import Request.
  Time since last request: 6.973070 seconds.
  path: Assets/Prefabs/Player.prefab
  artifactKey: Guid(6649534f3e3b95e468e6cf2407d8d45c) Importer(815301076,1909f56bfc062723c751e8b465ee728b)
Start importing Assets/Prefabs/Player.prefab using Guid(6649534f3e3b95e468e6cf2407d8d45c) Importer(815301076,1909f56bfc062723c751e8b465ee728b)  -> (artifact id: '7d0ca54a662ace9710874db9cccac503') in 0.033982 seconds 
  Import took 0.036669 seconds .

========================================================================
Received Import Request.
  Time since last request: 3.186247 seconds.
  path: Assets/Prefabs/Player.prefab
  artifactKey: Guid(6649534f3e3b95e468e6cf2407d8d45c) Importer(815301076,1909f56bfc062723c751e8b465ee728b)
Start importing Assets/Prefabs/Player.prefab using Guid(6649534f3e3b95e468e6cf2407d8d45c) Importer(815301076,1909f56bfc062723c751e8b465ee728b)  -> (artifact id: '8998f786beab7799ea543d8cd9aba9d2') in 0.070945 seconds 
  Import took 0.073424 seconds .

========================================================================
Received Import Request.
  Time since last request: 37.204830 seconds.
  path: Assets/Materials
  artifactKey: Guid(93f06b15e5be2af4e84126f64ca3cf81) Importer(815301076,1909f56bfc062723c751e8b465ee728b)
Start importing Assets/Materials using Guid(93f06b15e5be2af4e84126f64ca3cf81) Importer(815301076,1909f56bfc062723c751e8b465ee728b)  -> (artifact id: '3dc9c7c2c1e2121244916061986a01d4') in 0.003080 seconds 
  Import took 0.005274 seconds .

========================================================================
Received Import Request.
  Time since last request: 8.092083 seconds.
  path: Assets/Materials/Mat_ojos.mat
  artifactKey: Guid(f1f9c96b9deacb34ea2f654fc4fae828) Importer(815301076,1909f56bfc062723c751e8b465ee728b)
Start importing Assets/Materials/Mat_ojos.mat using Guid(f1f9c96b9deacb34ea2f654fc4fae828) Importer(815301076,1909f56bfc062723c751e8b465ee728b)  -> (artifact id: 'b0b97e95713dba4bded642a891d46a76') in 0.029953 seconds 
  Import took 0.032670 seconds .

========================================================================
Received Import Request.
  Time since last request: 9.760413 seconds.
  path: Assets/Materials/Mat_nariz.mat
  artifactKey: Guid(d3899fde168f53643ae930bfa233b5e8) Importer(815301076,1909f56bfc062723c751e8b465ee728b)
Start importing Assets/Materials/Mat_nariz.mat using Guid(d3899fde168f53643ae930bfa233b5e8) Importer(815301076,1909f56bfc062723c751e8b465ee728b)  -> (artifact id: '8741f6b866bae1ae181f02d8525ea671') in 0.010300 seconds 
  Import took 0.013708 seconds .

========================================================================
Received Import Request.
  Time since last request: 10.523649 seconds.
  path: Assets/Materials/Mat_orejas.mat
  artifactKey: Guid(2bc064fdc2d91e644911344b953eab53) Importer(815301076,1909f56bfc062723c751e8b465ee728b)
Start importing Assets/Materials/Mat_orejas.mat using Guid(2bc064fdc2d91e644911344b953eab53) Importer(815301076,1909f56bfc062723c751e8b465ee728b)  -> (artifact id: 'd386db027fdf4df47e3d35d9fb0eb482') in 0.010955 seconds 
  Import took 0.014097 seconds .

========================================================================
Received Import Request.
  Time since last request: 7.732935 seconds.
  path: Assets/Materials/Mat_cuerpo.mat
  artifactKey: Guid(7c2f68ac5bf08ab499dd71ab6b266d2a) Importer(815301076,1909f56bfc062723c751e8b465ee728b)
Start importing Assets/Materials/Mat_cuerpo.mat using Guid(7c2f68ac5bf08ab499dd71ab6b266d2a) Importer(815301076,1909f56bfc062723c751e8b465ee728b)  -> (artifact id: 'd2d2322d05805cab7d2c58a44f390454') in 0.010771 seconds 
  Import took 0.014154 seconds .

========================================================================
Received Import Request.
  Time since last request: 75.905491 seconds.
  path: Assets/Texture
  artifactKey: Guid(4cb9d1ba9cd3d7e47b27c21106c51e91) Importer(815301076,1909f56bfc062723c751e8b465ee728b)
Start importing Assets/Texture using Guid(4cb9d1ba9cd3d7e47b27c21106c51e91) Importer(815301076,1909f56bfc062723c751e8b465ee728b)  -> (artifact id: 'e6052f774a18a57812696bcbbb720229') in 0.002420 seconds 
  Import took 0.004950 seconds .

========================================================================
Received Import Request.
  Time since last request: 13.660534 seconds.
  path: Assets/Texture/ojos.png
  artifactKey: Guid(bc356c2c5b1ece046a5e71f1a715ae35) Importer(815301076,1909f56bfc062723c751e8b465ee728b)
Start importing Assets/Texture/ojos.png using Guid(bc356c2c5b1ece046a5e71f1a715ae35) Importer(815301076,1909f56bfc062723c751e8b465ee728b)  -> (artifact id: 'cc5af210c7301b4a4ce04586c5a701d7') in 0.020486 seconds 
  Import took 0.022924 seconds .

========================================================================
Received Import Request.
  Time since last request: 91.630305 seconds.
  path: Assets/Texture/ojos_2.png
  artifactKey: Guid(fc974d28383fb3741b78f8d10c1de397) Importer(815301076,1909f56bfc062723c751e8b465ee728b)
Start importing Assets/Texture/ojos_2.png using Guid(fc974d28383fb3741b78f8d10c1de397) Importer(815301076,1909f56bfc062723c751e8b465ee728b)  -> (artifact id: '2adc55ab2b1184770ae4e446eb133bf9') in 0.005883 seconds 
  Import took 0.008678 seconds .

========================================================================
Received Import Request.
  Time since last request: 1.940050 seconds.
  path: Assets/Texture/Materials
  artifactKey: Guid(2e9c3164bd20e914f87fae2bd3618f4b) Importer(815301076,1909f56bfc062723c751e8b465ee728b)
Start importing Assets/Texture/Materials using Guid(2e9c3164bd20e914f87fae2bd3618f4b) Importer(815301076,1909f56bfc062723c751e8b465ee728b)  -> (artifact id: 'd52042ec63156ea577a2380000f732d8') in 0.000922 seconds 
  Import took 0.003518 seconds .

========================================================================
Received Import Request.
  Time since last request: 221.604529 seconds.
  path: Assets/Texture/pelo.jpg
  artifactKey: Guid(e4d9b91ca0c811d4089ed5babe6bec5a) Importer(815301076,1909f56bfc062723c751e8b465ee728b)
Start importing Assets/Texture/pelo.jpg using Guid(e4d9b91ca0c811d4089ed5babe6bec5a) Importer(815301076,1909f56bfc062723c751e8b465ee728b)  -> (artifact id: '80207081f199bcf13501fa34cecbb260') in 0.010138 seconds 
  Import took 0.012767 seconds .

========================================================================
Received Import Request.
  Time since last request: 558.657056 seconds.
  path: Assets/Prefabs/pLAYER_2.prefab
  artifactKey: Guid(4a0bb9e246a63034aac1c9418414c997) Importer(815301076,1909f56bfc062723c751e8b465ee728b)
Start importing Assets/Prefabs/pLAYER_2.prefab using Guid(4a0bb9e246a63034aac1c9418414c997) Importer(815301076,1909f56bfc062723c751e8b465ee728b)  -> (artifact id: 'd98576596c5456e5b52323fe6ce9884b') in 0.004557 seconds 
  Import took 0.007497 seconds .

========================================================================
Received Import Request.
  Time since last request: 9.026015 seconds.
  path: Assets/Prefabs/player_2.prefab
  artifactKey: Guid(4a0bb9e246a63034aac1c9418414c997) Importer(815301076,1909f56bfc062723c751e8b465ee728b)
Start importing Assets/Prefabs/player_2.prefab using Guid(4a0bb9e246a63034aac1c9418414c997) Importer(815301076,1909f56bfc062723c751e8b465ee728b)  -> (artifact id: '3a7548b720c5f950bc7828ab4ffcab2e') in 0.004135 seconds 
  Import took 0.006679 seconds .

========================================================================
Received Import Request.
  Time since last request: 6.244380 seconds.
  path: Assets/Prefabs/player_2.prefab
  artifactKey: Guid(4a0bb9e246a63034aac1c9418414c997) Importer(815301076,1909f56bfc062723c751e8b465ee728b)
Start importing Assets/Prefabs/player_2.prefab using Guid(4a0bb9e246a63034aac1c9418414c997) Importer(815301076,1909f56bfc062723c751e8b465ee728b)  -> (artifact id: '8664435725077d40a2ea3939495255eb') in 0.015474 seconds 
  Import took 0.018681 seconds .

========================================================================
Received Import Request.
  Time since last request: 111.615855 seconds.
  path: Assets/Materials/Mat_cuerpo.mat
  artifactKey: Guid(7c2f68ac5bf08ab499dd71ab6b266d2a) Importer(815301076,1909f56bfc062723c751e8b465ee728b)
Start importing Assets/Materials/Mat_cuerpo.mat using Guid(7c2f68ac5bf08ab499dd71ab6b266d2a) Importer(815301076,1909f56bfc062723c751e8b465ee728b)  -> (artifact id: '3b113ccd890d601dc76a41354eda4ced') in 0.011881 seconds 
  Import took 0.014349 seconds .

========================================================================
Received Import Request.
  Time since last request: 0.000263 seconds.
  path: Assets/Materials/Mat_ojos.mat
  artifactKey: Guid(f1f9c96b9deacb34ea2f654fc4fae828) Importer(815301076,1909f56bfc062723c751e8b465ee728b)
Start importing Assets/Materials/Mat_ojos.mat using Guid(f1f9c96b9deacb34ea2f654fc4fae828) Importer(815301076,1909f56bfc062723c751e8b465ee728b)  -> (artifact id: '9506a3745ea15678922784efc2fd1769') in 0.007202 seconds 
  Import took 0.010259 seconds .

========================================================================
Received Import Request.
  Time since last request: 0.000225 seconds.
  path: Assets/Materials/Mat_nariz.mat
  artifactKey: Guid(d3899fde168f53643ae930bfa233b5e8) Importer(815301076,1909f56bfc062723c751e8b465ee728b)
Start importing Assets/Materials/Mat_nariz.mat using Guid(d3899fde168f53643ae930bfa233b5e8) Importer(815301076,1909f56bfc062723c751e8b465ee728b)  -> (artifact id: 'ccd9a20150c8c670139d04c0056143a4') in 0.008331 seconds 
  Import took 0.010788 seconds .

========================================================================
Received Import Request.
  Time since last request: 75.002426 seconds.
  path: Assets/Prefabs/Enemy.prefab
  artifactKey: Guid(fbfd555700e450c4ab99f0b8cfff6d5a) Importer(815301076,1909f56bfc062723c751e8b465ee728b)
Start importing Assets/Prefabs/Enemy.prefab using Guid(fbfd555700e450c4ab99f0b8cfff6d5a) Importer(815301076,1909f56bfc062723c751e8b465ee728b)  -> (artifact id: '191216a0d66c8eb84bd76d026fefcfda') in 0.009916 seconds 
  Import took 0.012688 seconds .

========================================================================
Received Import Request.
  Time since last request: 83.176558 seconds.
  path: Assets/Materials/Mat_nariz_enemy.mat
  artifactKey: Guid(6a2d146929f096641a51633d53ae0bb3) Importer(815301076,1909f56bfc062723c751e8b465ee728b)
Start importing Assets/Materials/Mat_nariz_enemy.mat using Guid(6a2d146929f096641a51633d53ae0bb3) Importer(815301076,1909f56bfc062723c751e8b465ee728b)  -> (artifact id: 'f9f79c929e409aa0a4881746c8225c89') in 0.010103 seconds 
  Import took 0.013216 seconds .

========================================================================
Received Import Request.
  Time since last request: 32.674220 seconds.
  path: Assets/Materials/Mat_nariz_enemy.mat
  artifactKey: Guid(6a2d146929f096641a51633d53ae0bb3) Importer(815301076,1909f56bfc062723c751e8b465ee728b)
Start importing Assets/Materials/Mat_nariz_enemy.mat using Guid(6a2d146929f096641a51633d53ae0bb3) Importer(815301076,1909f56bfc062723c751e8b465ee728b)  -> (artifact id: 'e20962f76c6b3babb4c14275de506d5b') in 0.008864 seconds 
  Import took 0.011901 seconds .

========================================================================
Received Import Request.
  Time since last request: 123.774865 seconds.
  path: Assets/Materials/eyebrows.mat
  artifactKey: Guid(b565773138475a54e9c17ee6376f7315) Importer(815301076,1909f56bfc062723c751e8b465ee728b)
Start importing Assets/Materials/eyebrows.mat using Guid(b565773138475a54e9c17ee6376f7315) Importer(815301076,1909f56bfc062723c751e8b465ee728b)  -> (artifact id: '1798c7ca1b1209a9b4025318221f1ca9') in 0.010470 seconds 
  Import took 0.014286 seconds .

========================================================================
Received Import Request.
  Time since last request: 64.230007 seconds.
  path: Assets/Materials/eyebrows.mat
  artifactKey: Guid(b565773138475a54e9c17ee6376f7315) Importer(815301076,1909f56bfc062723c751e8b465ee728b)
Start importing Assets/Materials/eyebrows.mat using Guid(b565773138475a54e9c17ee6376f7315) Importer(815301076,1909f56bfc062723c751e8b465ee728b)  -> (artifact id: '8e19645573ca650d86b7612ed2689aa4') in 0.007686 seconds 
  Import took 0.010152 seconds .

========================================================================
Received Import Request.
  Time since last request: 312.767124 seconds.
  path: Assets/Materials/Mat_ojos.mat
  artifactKey: Guid(f1f9c96b9deacb34ea2f654fc4fae828) Importer(815301076,1909f56bfc062723c751e8b465ee728b)
Start importing Assets/Materials/Mat_ojos.mat using Guid(f1f9c96b9deacb34ea2f654fc4fae828) Importer(815301076,1909f56bfc062723c751e8b465ee728b)  -> (artifact id: '5463cc08f7947e3bea3c439296a296f2') in 0.008925 seconds 
  Import took 0.011833 seconds .

AssetImportWorkerClient::OnTransportError - code=2 error=End of file
